==511971== Memcheck, a memory error detector
==511971== Copyright (C) 2002-2017, and GNU GPL'd, by Julian Seward et al.
==511971== Using Valgrind-3.18.1 and LibVEX; rerun with -h for copyright info
==511971== Command: ./minishell
==511971== Parent PID: 511970
==511971== 
==511971== Use of uninitialised value of size 8
==511971==    at 0x4064E0: is_n (in /home/maryaada/Desktop/minihell/minishell)
==511971==    by 0x4063FC: ft_echo (in /home/maryaada/Desktop/minihell/minishell)
==511971==    by 0x404433: run_builtin (in /home/maryaada/Desktop/minihell/minishell)
==511971==    by 0x40461F: run_builtin_with_redir (in /home/maryaada/Desktop/minihell/minishell)
==511971==    by 0x401455: main (in /home/maryaada/Desktop/minihell/minishell)
==511971== 
==518670== 
==518670== FILE DESCRIPTORS: 9 open (3 std) at exit.
==518670== Open file descriptor 103: /usr/share/code/v8_context_snapshot.bin
==518670==    <inherited from parent>
==518670== 
==518670== Open AF_UNIX socket 45: <unknown>
==518670==    <inherited from parent>
==518670== 
==518670== Open file descriptor 44: /home/maryaada/.config/Code/logs/20260721T150855/ptyhost.log
==518670==    <inherited from parent>
==518670== 
==518670== Open file descriptor 37:
==518670==    <inherited from parent>
==518670== 
==518670== Open pf-16 socket 36:
==518670==    <inherited from parent>
==518670== 
==518670== Open file descriptor 3: /home/maryaada/Desktop/minihell/valgrind.log
==518670==    <inherited from parent>
==518670== 
==518670== 
==518670== HEAP SUMMARY:
==518670==     in use at exit: 217,796 bytes in 605 blocks
==518670==   total heap usage: 1,921 allocs, 1,316 frees, 258,365 bytes allocated
==518670== 
==518670== 2 bytes in 1 blocks are still reachable in loss record 1 of 93
==518670==    at 0x4848899: malloc (in /usr/libexec/valgrind/vgpreload_memcheck-amd64-linux.so)
==518670==    by 0x401A85: ft_strdup (in /home/maryaada/Desktop/minihell/minishell)
==518670==    by 0x406381: update_pwds (in /home/maryaada/Desktop/minihell/minishell)
==518670==    by 0x406229: change_dir (in /home/maryaada/Desktop/minihell/minishell)
==518670==    by 0x406016: ft_cd (in /home/maryaada/Desktop/minihell/minishell)
==518670==    by 0x40446C: run_builtin (in /home/maryaada/Desktop/minihell/minishell)
==518670==    by 0x40461F: run_builtin_with_redir (in /home/maryaada/Desktop/minihell/minishell)
==518670==    by 0x401455: main (in /home/maryaada/Desktop/minihell/minishell)
==518670== 
==518670== 2 bytes in 1 blocks are still reachable in loss record 2 of 93
==518670==    at 0x4848899: malloc (in /usr/libexec/valgrind/vgpreload_memcheck-amd64-linux.so)
==518670==    by 0x401A85: ft_strdup (in /home/maryaada/Desktop/minihell/minishell)
==518670==    by 0x4022ED: create_next_token (in /home/maryaada/Desktop/minihell/minishell)
==518670==    by 0x4024FC: tokeniser (in /home/maryaada/Desktop/minihell/minishell)
==518670==    by 0x4013A4: main (in /home/maryaada/Desktop/minihell/minishell)
==518670== 
==518670== 5 bytes in 1 blocks are still reachable in loss record 4 of 93
==518670==    at 0x4848899: malloc (in /usr/libexec/valgrind/vgpreload_memcheck-amd64-linux.so)
==518670==    by 0x401A85: ft_strdup (in /home/maryaada/Desktop/minihell/minishell)
==518670==    by 0x40632D: update_pwds (in /home/maryaada/Desktop/minihell/minishell)
==518670==    by 0x406203: change_dir (in /home/maryaada/Desktop/minihell/minishell)
==518670==    by 0x406016: ft_cd (in /home/maryaada/Desktop/minihell/minishell)
==518670==    by 0x40446C: run_builtin (in /home/maryaada/Desktop/minihell/minishell)
==518670==    by 0x40461F: run_builtin_with_redir (in /home/maryaada/Desktop/minihell/minishell)
==518670==    by 0x401455: main (in /home/maryaada/Desktop/minihell/minishell)
==518670== 
==518670== 8 bytes in 1 blocks are still reachable in loss record 7 of 93
==518670==    at 0x4848899: malloc (in /usr/libexec/valgrind/vgpreload_memcheck-amd64-linux.so)
==518670==    by 0x401A85: ft_strdup (in /home/maryaada/Desktop/minihell/minishell)
==518670==    by 0x406DD3: create_env_node (in /home/maryaada/Desktop/minihell/minishell)
==518670==    by 0x406D5E: export_add (in /home/maryaada/Desktop/minihell/minishell)
==518670==    by 0x406BD5: export_arg (in /home/maryaada/Desktop/minihell/minishell)
==518670==    by 0x406AEE: ft_export (in /home/maryaada/Desktop/minihell/minishell)
==518670==    by 0x404585: run_builtin (in /home/maryaada/Desktop/minihell/minishell)
==518670==    by 0x40461F: run_builtin_with_redir (in /home/maryaada/Desktop/minihell/minishell)
==518670==    by 0x401455: main (in /home/maryaada/Desktop/minihell/minishell)
==518670== 
==518670== 9 bytes in 1 blocks are still reachable in loss record 10 of 93
==518670==    at 0x4848899: malloc (in /usr/libexec/valgrind/vgpreload_memcheck-amd64-linux.so)
==518670==    by 0x401A85: ft_strdup (in /home/maryaada/Desktop/minihell/minishell)
==518670==    by 0x405EF4: update_env_value (in /home/maryaada/Desktop/minihell/minishell)
==518670==    by 0x406D4C: export_add (in /home/maryaada/Desktop/minihell/minishell)
==518670==    by 0x406BD5: export_arg (in /home/maryaada/Desktop/minihell/minishell)
==518670==    by 0x406AEE: ft_export (in /home/maryaada/Desktop/minihell/minishell)
==518670==    by 0x404585: run_builtin (in /home/maryaada/Desktop/minihell/minishell)
==518670==    by 0x40461F: run_builtin_with_redir (in /home/maryaada/Desktop/minihell/minishell)
==518670==    by 0x401455: main (in /home/maryaada/Desktop/minihell/minishell)
==518670== 
==518670== 20 bytes in 3 blocks are still reachable in loss record 16 of 93
==518670==    at 0x4848899: malloc (in /usr/libexec/valgrind/vgpreload_memcheck-amd64-linux.so)
==518670==    by 0x401C56: ft_strjoin (in /home/maryaada/Desktop/minihell/minishell)
==518670==    by 0x404E80: process_chunk (in /home/maryaada/Desktop/minihell/minishell)
==518670==    by 0x404D69: ft_read_word_token (in /home/maryaada/Desktop/minihell/minishell)
==518670==    by 0x402516: tokeniser (in /home/maryaada/Desktop/minihell/minishell)
==518670==    by 0x4013A4: main (in /home/maryaada/Desktop/minihell/minishell)
==518670== 
==518670== 20 bytes in 3 blocks are still reachable in loss record 17 of 93
==518670==    at 0x4848899: malloc (in /usr/libexec/valgrind/vgpreload_memcheck-amd64-linux.so)
==518670==    by 0x401C56: ft_strjoin (in /home/maryaada/Desktop/minihell/minishell)
==518670==    by 0x404DA4: ft_read_word_token (in /home/maryaada/Desktop/minihell/minishell)
==518670==    by 0x402516: tokeniser (in /home/maryaada/Desktop/minihell/minishell)
==518670==    by 0x4013A4: main (in /home/maryaada/Desktop/minihell/minishell)
==518670== 
==518670== 20 bytes in 3 blocks are still reachable in loss record 18 of 93
==518670==    at 0x4848899: malloc (in /usr/libexec/valgrind/vgpreload_memcheck-amd64-linux.so)
==518670==    by 0x401A85: ft_strdup (in /home/maryaada/Desktop/minihell/minishell)
==518670==    by 0x402ED8: ft_args_append (in /home/maryaada/Desktop/minihell/minishell)
==518670==    by 0x402D59: handle_word (in /home/maryaada/Desktop/minihell/minishell)
==518670==    by 0x402C52: ft_parse_cmd (in /home/maryaada/Desktop/minihell/minishell)
==518670==    by 0x402B76: ft_parse (in /home/maryaada/Desktop/minihell/minishell)
==518670==    by 0x4013CA: main (in /home/maryaada/Desktop/minihell/minishell)
==518670== 
==518670== 24 bytes in 1 blocks are still reachable in loss record 23 of 93
==518670==    at 0x4848899: malloc (in /usr/libexec/valgrind/vgpreload_memcheck-amd64-linux.so)
==518670==    by 0x401B81: ft_calloc (in /home/maryaada/Desktop/minihell/minishell)
==518670==    by 0x406DAE: create_env_node (in /home/maryaada/Desktop/minihell/minishell)
==518670==    by 0x406D5E: export_add (in /home/maryaada/Desktop/minihell/minishell)
==518670==    by 0x406BD5: export_arg (in /home/maryaada/Desktop/minihell/minishell)
==518670==    by 0x406AEE: ft_export (in /home/maryaada/Desktop/minihell/minishell)
==518670==    by 0x404585: run_builtin (in /home/maryaada/Desktop/minihell/minishell)
==518670==    by 0x40461F: run_builtin_with_redir (in /home/maryaada/Desktop/minihell/minishell)
==518670==    by 0x401455: main (in /home/maryaada/Desktop/minihell/minishell)
==518670== 
==518670== 40 bytes in 1 blocks are still reachable in loss record 28 of 93
==518670==    at 0x4848899: malloc (in /usr/libexec/valgrind/vgpreload_memcheck-amd64-linux.so)
==518670==    by 0x401B81: ft_calloc (in /home/maryaada/Desktop/minihell/minishell)
==518670==    by 0x4021D9: make_token (in /home/maryaada/Desktop/minihell/minishell)
==518670==    by 0x4022FE: create_next_token (in /home/maryaada/Desktop/minihell/minishell)
==518670==    by 0x4024FC: tokeniser (in /home/maryaada/Desktop/minihell/minishell)
==518670==    by 0x4013A4: main (in /home/maryaada/Desktop/minihell/minishell)
==518670== 
==518670== 40 bytes in 2 blocks are still reachable in loss record 29 of 93
==518670==    at 0x4848899: malloc (in /usr/libexec/valgrind/vgpreload_memcheck-amd64-linux.so)
==518670==    by 0x402EA4: ft_args_append (in /home/maryaada/Desktop/minihell/minishell)
==518670==    by 0x402D59: handle_word (in /home/maryaada/Desktop/minihell/minishell)
==518670==    by 0x402C52: ft_parse_cmd (in /home/maryaada/Desktop/minihell/minishell)
==518670==    by 0x402B76: ft_parse (in /home/maryaada/Desktop/minihell/minishell)
==518670==    by 0x4013CA: main (in /home/maryaada/Desktop/minihell/minishell)
==518670== 
==518670== 64 bytes in 2 blocks are still reachable in loss record 35 of 93
==518670==    at 0x4848899: malloc (in /usr/libexec/valgrind/vgpreload_memcheck-amd64-linux.so)
==518670==    by 0x401B81: ft_calloc (in /home/maryaada/Desktop/minihell/minishell)
==518670==    by 0x402BDA: ft_parse_cmd (in /home/maryaada/Desktop/minihell/minishell)
==518670==    by 0x402B76: ft_parse (in /home/maryaada/Desktop/minihell/minishell)
==518670==    by 0x4013CA: main (in /home/maryaada/Desktop/minihell/minishell)
==518670== 
==518670== 120 bytes in 3 blocks are still reachable in loss record 40 of 93
==518670==    at 0x4848899: malloc (in /usr/libexec/valgrind/vgpreload_memcheck-amd64-linux.so)
==518670==    by 0x401B81: ft_calloc (in /home/maryaada/Desktop/minihell/minishell)
==518670==    by 0x4021D9: make_token (in /home/maryaada/Desktop/minihell/minishell)
==518670==    by 0x402725: build_word_token (in /home/maryaada/Desktop/minihell/minishell)
==518670==    by 0x404DEF: ft_read_word_token (in /home/maryaada/Desktop/minihell/minishell)
==518670==    by 0x402516: tokeniser (in /home/maryaada/Desktop/minihell/minishell)
==518670==    by 0x4013A4: main (in /home/maryaada/Desktop/minihell/minishell)
==518670== 
==518670== 1,145 bytes in 84 blocks are still reachable in loss record 62 of 93
==518670==    at 0x4848899: malloc (in /usr/libexec/valgrind/vgpreload_memcheck-amd64-linux.so)
==518670==    by 0x40199C: ft_substr (in /home/maryaada/Desktop/minihell/minishell)
==518670==    by 0x403CB6: get_env (in /home/maryaada/Desktop/minihell/minishell)
==518670==    by 0x403BD6: env_init (in /home/maryaada/Desktop/minihell/minishell)
==518670==    by 0x401305: main (in /home/maryaada/Desktop/minihell/minishell)
==518670== 
==518670== 2,016 bytes in 84 blocks are still reachable in loss record 65 of 93
==518670==    at 0x4848899: malloc (in /usr/libexec/valgrind/vgpreload_memcheck-amd64-linux.so)
==518670==    by 0x403C25: get_env (in /home/maryaada/Desktop/minihell/minishell)
==518670==    by 0x403BD6: env_init (in /home/maryaada/Desktop/minihell/minishell)
==518670==    by 0x401305: main (in /home/maryaada/Desktop/minihell/minishell)
==518670== 
==518670== 3,846 bytes in 82 blocks are still reachable in loss record 68 of 93
==518670==    at 0x4848899: malloc (in /usr/libexec/valgrind/vgpreload_memcheck-amd64-linux.so)
==518670==    by 0x401A85: ft_strdup (in /home/maryaada/Desktop/minihell/minishell)
==518670==    by 0x403CCD: get_env (in /home/maryaada/Desktop/minihell/minishell)
==518670==    by 0x403BD6: env_init (in /home/maryaada/Desktop/minihell/minishell)
==518670==    by 0x401305: main (in /home/maryaada/Desktop/minihell/minishell)
==518670== 
==518670== LEAK SUMMARY:
==518670==    definitely lost: 0 bytes in 0 blocks
==518670==    indirectly lost: 0 bytes in 0 blocks
==518670==      possibly lost: 0 bytes in 0 blocks
==518670==    still reachable: 7,381 bytes in 273 blocks
==518670==         suppressed: 210,415 bytes in 332 blocks
==518670== 
==518670== Use --track-origins=yes to see where uninitialised values come from
==518670== For lists of detected and suppressed errors, rerun with: -s
==518670== ERROR SUMMARY: 16 errors from 1 contexts (suppressed: 0 from 0)
==511971== 
==511971== FILE DESCRIPTORS: 11 open (3 std) at exit.
==511971== Open file descriptor 5: /dev/pts/0
==511971==    at 0x49D906B: dup (syscall-template.S:120)
==511971==    by 0x4045D3: run_builtin_with_redir (in /home/maryaada/Desktop/minihell/minishell)
==511971==    by 0x401455: main (in /home/maryaada/Desktop/minihell/minishell)
==511971== 
==511971== Open file descriptor 4: /dev/pts/0
==511971==    at 0x49D906B: dup (syscall-template.S:120)
==511971==    by 0x4045C6: run_builtin_with_redir (in /home/maryaada/Desktop/minihell/minishell)
==511971==    by 0x401455: main (in /home/maryaada/Desktop/minihell/minishell)
==511971== 
==511971== Open file descriptor 103: /usr/share/code/v8_context_snapshot.bin
==511971==    <inherited from parent>
==511971== 
==511971== Open AF_UNIX socket 45: <unknown>
==511971==    <inherited from parent>
==511971== 
==511971== Open file descriptor 44: /home/maryaada/.config/Code/logs/20260721T150855/ptyhost.log
==511971==    <inherited from parent>
==511971== 
==511971== Open file descriptor 37:
==511971==    <inherited from parent>
==511971== 
==511971== Open pf-16 socket 36:
==511971==    <inherited from parent>
==511971== 
==511971== Open file descriptor 3: /home/maryaada/Desktop/minihell/valgrind.log
==511971==    <inherited from parent>
==511971== 
==511971== 
==511971== HEAP SUMMARY:
==511971==     in use at exit: 208,783 bytes in 230 blocks
==511971==   total heap usage: 1,941 allocs, 1,711 frees, 257,978 bytes allocated
==511971== 
==511971== LEAK SUMMARY:
==511971==    definitely lost: 0 bytes in 0 blocks
==511971==    indirectly lost: 0 bytes in 0 blocks
==511971==      possibly lost: 0 bytes in 0 blocks
==511971==    still reachable: 0 bytes in 0 blocks
==511971==         suppressed: 208,783 bytes in 230 blocks
==511971== 
==511971== Use --track-origins=yes to see where uninitialised values come from
==511971== For lists of detected and suppressed errors, rerun with: -s
==511971== ERROR SUMMARY: 16 errors from 1 contexts (suppressed: 0 from 0)
